# JRE version: OpenJDK Runtime Environment Corretto-17.0.10.7.1 (17.0.10+7) (build 17.0.10+7-LTS)
# Java VM: OpenJDK 64-Bit Server VM Corretto-17.0.10.7.1 (17.0.10+7-LTS, mixed mode, sharing, tiered, compressed oops, compressed class ptrs, g1 gc, windows-amd64)
GC Precious Log:
 CPUs: 12 total, 12 available
 Memory: 16231M
 Large Page Support: Disabled
 NUMA Support: Disabled
 Compressed Oops: Enabled (Zero based)
 Heap Region Size: 2M
 Heap Min Capacity: 8M
 Heap Initial Capacity: 254M
 Heap Max Capacity: 4058M
 Pre-touch: Disabled
 Parallel Workers: 10
 Concurrent Workers: 3
 Concurrent Refinement Workers: 10
 Periodic GC: Disabled
Heap:
 garbage-first heap   total 110592K, used 83426K [0x0000000702600000, 0x0000000800000000)
  region size 2048K, 19 young (38912K), 1 survivors (2048K)
 Metaspace       used 94061K, committed 94656K, reserved 1179648K
  class space    used 12801K, committed 13120K, reserved 1048576K
GC Heap History (20 events):
Event: 250.195 GC heap before
{Heap before GC invocations=66 (full 0):
 garbage-first heap   total 110592K, used 91562K [0x0000000702600000, 0x0000000800000000)
  region size 2048K, 23 young (47104K), 1 survivors (2048K)
 Metaspace       used 94043K, committed 94656K, reserved 1179648K
  class space    used 12801K, committed 13120K, reserved 1048576K
}
Event: 250.196 GC heap after
{Heap after GC invocations=67 (full 0):
 garbage-first heap   total 110592K, used 48538K [0x0000000702600000, 0x0000000800000000)
  region size 2048K, 1 young (2048K), 1 survivors (2048K)
 Metaspace       used 94043K, committed 94656K, reserved 1179648K
  class space    used 12801K, committed 13120K, reserved 1048576K
}
Event: 253.901 GC heap before
{Heap before GC invocations=67 (full 0):
 garbage-first heap   total 110592K, used 91546K [0x0000000702600000, 0x0000000800000000)
  region size 2048K, 23 young (47104K), 1 survivors (2048K)
 Metaspace       used 94043K, committed 94656K, reserved 1179648K
  class space    used 12801K, committed 13120K, reserved 1048576K
}
Event: 253.902 GC heap after
{Heap after GC invocations=68 (full 0):
 garbage-first heap   total 110592K, used 48550K [0x0000000702600000, 0x0000000800000000)
  region size 2048K, 1 young (2048K), 1 survivors (2048K)
 Metaspace       used 94043K, committed 94656K, reserved 1179648K
  class space    used 12801K, committed 13120K, reserved 1048576K
}
Event: 257.557 GC heap before
{Heap before GC invocations=68 (full 0):
 garbage-first heap   total 110592K, used 93606K [0x0000000702600000, 0x0000000800000000)
  region size 2048K, 23 young (47104K), 1 survivors (2048K)
 Metaspace       used 94043K, committed 94656K, reserved 1179648K
  class space    used 12801K, committed 13120K, reserved 1048576K
}
Event: 257.558 GC heap after
{Heap after GC invocations=69 (full 0):
 garbage-first heap   total 110592K, used 48562K [0x0000000702600000, 0x0000000800000000)
  region size 2048K, 1 young (2048K), 1 survivors (2048K)
 Metaspace       used 94043K, committed 94656K, reserved 1179648K
  class space    used 12801K, committed 13120K, reserved 1048576K
}
Event: 261.169 GC heap before
{Heap before GC invocations=69 (full 0):
 garbage-first heap   total 110592K, used 91570K [0x0000000702600000, 0x0000000800000000)
  region size 2048K, 23 young (47104K), 1 survivors (2048K)
 Metaspace       used 94043K, committed 94656K, reserved 1179648K
  class space    used 12801K, committed 13120K, reserved 1048576K
}
Event: 261.170 GC heap after
{Heap after GC invocations=70 (full 0):
 garbage-first heap   total 110592K, used 48561K [0x0000000702600000, 0x0000000800000000)
  region size 2048K, 1 young (2048K), 1 survivors (2048K)
 Metaspace       used 94043K, committed 94656K, reserved 1179648K
  class space    used 12801K, committed 13120K, reserved 1048576K
}
Event: 264.795 GC heap before
{Heap before GC invocations=70 (full 0):
 garbage-first heap   total 110592K, used 91569K [0x0000000702600000, 0x0000000800000000)
  region size 2048K, 23 young (47104K), 1 survivors (2048K)
 Metaspace       used 94043K, committed 94656K, reserved 1179648K
  class space    used 12801K, committed 13120K, reserved 1048576K
}
Event: 264.795 GC heap after
{Heap after GC invocations=71 (full 0):
 garbage-first heap   total 110592K, used 48569K [0x0000000702600000, 0x0000000800000000)
  region size 2048K, 1 young (2048K), 1 survivors (2048K)
 Metaspace       used 94043K, committed 94656K, reserved 1179648K
  class space    used 12801K, committed 13120K, reserved 1048576K
}
Event: 268.442 GC heap before
{Heap before GC invocations=71 (full 0):
 garbage-first heap   total 110592K, used 93625K [0x0000000702600000, 0x0000000800000000)
  region size 2048K, 23 young (47104K), 1 survivors (2048K)
 Metaspace       used 94045K, committed 94656K, reserved 1179648K
  class space    used 12801K, committed 13120K, reserved 1048576K
}
Event: 268.443 GC heap after
{Heap after GC invocations=72 (full 0):
 garbage-first heap   total 110592K, used 48577K [0x0000000702600000, 0x0000000800000000)
  region size 2048K, 1 young (2048K), 1 survivors (2048K)
 Metaspace       used 94045K, committed 94656K, reserved 1179648K
  class space    used 12801K, committed 13120K, reserved 1048576K
}
Event: 271.898 GC heap before
{Heap before GC invocations=72 (full 0):
 garbage-first heap   total 110592K, used 93633K [0x0000000702600000, 0x0000000800000000)
  region size 2048K, 23 young (47104K), 1 survivors (2048K)
 Metaspace       used 94048K, committed 94656K, reserved 1179648K
  class space    used 12801K, committed 13120K, reserved 1048576K
}
Event: 271.899 GC heap after
{Heap after GC invocations=73 (full 0):
 garbage-first heap   total 110592K, used 48578K [0x0000000702600000, 0x0000000800000000)
  region size 2048K, 1 young (2048K), 1 survivors (2048K)
 Metaspace       used 94048K, committed 94656K, reserved 1179648K
  class space    used 12801K, committed 13120K, reserved 1048576K
}
Event: 274.831 GC heap before
{Heap before GC invocations=73 (full 0):
 garbage-first heap   total 110592K, used 91586K [0x0000000702600000, 0x0000000800000000)
  region size 2048K, 23 young (47104K), 1 survivors (2048K)
 Metaspace       used 94049K, committed 94656K, reserved 1179648K
  class space    used 12801K, committed 13120K, reserved 1048576K
}
Event: 274.832 GC heap after
{Heap after GC invocations=74 (full 0):
 garbage-first heap   total 110592K, used 48580K [0x0000000702600000, 0x0000000800000000)
  region size 2048K, 1 young (2048K), 1 survivors (2048K)
 Metaspace       used 94049K, committed 94656K, reserved 1179648K
  class space    used 12801K, committed 13120K, reserved 1048576K
}
Event: 277.783 GC heap before
{Heap before GC invocations=74 (full 0):
 garbage-first heap   total 110592K, used 93636K [0x0000000702600000, 0x0000000800000000)
  region size 2048K, 23 young (47104K), 1 survivors (2048K)
 Metaspace       used 94049K, committed 94656K, reserved 1179648K
  class space    used 12801K, committed 13120K, reserved 1048576K
}
Event: 277.784 GC heap after
{Heap after GC invocations=75 (full 0):
 garbage-first heap   total 110592K, used 48591K [0x0000000702600000, 0x0000000800000000)
  region size 2048K, 1 young (2048K), 1 survivors (2048K)
 Metaspace       used 94049K, committed 94656K, reserved 1179648K
  class space    used 12801K, committed 13120K, reserved 1048576K
}
Event: 280.684 GC heap before
{Heap before GC invocations=75 (full 0):
 garbage-first heap   total 110592K, used 91599K [0x0000000702600000, 0x0000000800000000)
  region size 2048K, 23 young (47104K), 1 survivors (2048K)
 Metaspace       used 94049K, committed 94656K, reserved 1179648K
  class space    used 12801K, committed 13120K, reserved 1048576K
}
Event: 280.685 GC heap after
{Heap after GC invocations=76 (full 0):
 garbage-first heap   total 110592K, used 48610K [0x0000000702600000, 0x0000000800000000)
  region size 2048K, 1 young (2048K), 1 survivors (2048K)
 Metaspace       used 94049K, committed 94656K, reserved 1179648K
  class space    used 12801K, committed 13120K, reserved 1048576K
}

